<?xml version="1.0" encoding="UTF-8"?>
<testsuite xmlns:xsi="http://www.w3.org/2001/XMLSchema-instance" xsi:noNamespaceSchemaLocation="https://maven.apache.org/surefire/maven-surefire-plugin/xsd/surefire-test-report-3.0.xsd" version="3.0" name="TestSuite" time="2.872" tests="6" errors="0" skipped="0" failures="0">
  <properties>
    <property name="sun.desktop" value="windows"/>
    <property name="awt.toolkit" value="sun.awt.windows.WToolkit"/>
    <property name="file.encoding.pkg" value="sun.io"/>
    <property name="java.specification.version" value="1.8"/>
    <property name="sun.cpu.isalist" value="amd64"/>
    <property name="sun.jnu.encoding" value="Cp1252"/>
    <property name="java.class.path" value="C:\Users\Harsh\eclipse-workspace\TestNGProject\target\test-classes;C:\Users\Harsh\eclipse-workspace\TestNGProject\target\classes;C:\Users\Harsh\.m2\repository\org\testng\testng\6.14.3\testng-6.14.3.jar;C:\Users\Harsh\.m2\repository\com\beust\jcommander\1.72\jcommander-1.72.jar;C:\Users\Harsh\.m2\repository\org\apache-extras\beanshell\bsh\2.0b6\bsh-2.0b6.jar;"/>
    <property name="java.vm.vendor" value="Oracle Corporation"/>
    <property name="sun.arch.data.model" value="64"/>
    <property name="user.variant" value=""/>
    <property name="java.vendor.url" value="http://java.oracle.com/"/>
    <property name="user.timezone" value="Asia/Calcutta"/>
    <property name="java.vm.specification.version" value="1.8"/>
    <property name="os.name" value="Windows 11"/>
    <property name="user.country" value="IN"/>
    <property name="sun.java.launcher" value="SUN_STANDARD"/>
    <property name="sun.boot.library.path" value="C:\Program Files\Java\jre1.8.0_361\bin"/>
    <property name="sun.java.command" value="C:\Users\Harsh\AppData\Local\Temp\surefire5116238425490312281\surefirebooter5095324162387827474.jar C:\Users\Harsh\AppData\Local\Temp\surefire5116238425490312281 2023-04-16T10-23-20_381-jvmRun1 surefire727520357896052738tmp surefire_06628471696344808129tmp"/>
    <property name="surefire.test.class.path" value="C:\Users\Harsh\eclipse-workspace\TestNGProject\target\test-classes;C:\Users\Harsh\eclipse-workspace\TestNGProject\target\classes;C:\Users\Harsh\.m2\repository\org\testng\testng\6.14.3\testng-6.14.3.jar;C:\Users\Harsh\.m2\repository\com\beust\jcommander\1.72\jcommander-1.72.jar;C:\Users\Harsh\.m2\repository\org\apache-extras\beanshell\bsh\2.0b6\bsh-2.0b6.jar;"/>
    <property name="sun.cpu.endian" value="little"/>
    <property name="user.home" value="C:\Users\Harsh"/>
    <property name="user.language" value="en"/>
    <property name="java.specification.vendor" value="Oracle Corporation"/>
    <property name="java.home" value="C:\Program Files\Java\jre1.8.0_361"/>
    <property name="basedir" value="C:\Users\Harsh\eclipse-workspace\TestNGProject"/>
    <property name="file.separator" value="\"/>
    <property name="line.separator" value="&#10;"/>
    <property name="java.vm.specification.vendor" value="Oracle Corporation"/>
    <property name="java.specification.name" value="Java Platform API Specification"/>
    <property name="java.awt.graphicsenv" value="sun.awt.Win32GraphicsEnvironment"/>
    <property name="surefire.real.class.path" value="C:\Users\Harsh\AppData\Local\Temp\surefire5116238425490312281\surefirebooter5095324162387827474.jar"/>
    <property name="sun.boot.class.path" value="C:\Program Files\Java\jre1.8.0_361\lib\resources.jar;C:\Program Files\Java\jre1.8.0_361\lib\rt.jar;C:\Program Files\Java\jre1.8.0_361\lib\jsse.jar;C:\Program Files\Java\jre1.8.0_361\lib\jce.jar;C:\Program Files\Java\jre1.8.0_361\lib\charsets.jar;C:\Program Files\Java\jre1.8.0_361\lib\jfr.jar;C:\Program Files\Java\jre1.8.0_361\classes"/>
    <property name="user.script" value=""/>
    <property name="sun.management.compiler" value="HotSpot 64-Bit Tiered Compilers"/>
    <property name="java.runtime.version" value="1.8.0_361-b09"/>
    <property name="user.name" value="Harsh"/>
    <property name="path.separator" value=";"/>
    <property name="os.version" value="10.0"/>
    <property name="java.endorsed.dirs" value="C:\Program Files\Java\jre1.8.0_361\lib\endorsed"/>
    <property name="java.runtime.name" value="Java(TM) SE Runtime Environment"/>
    <property name="file.encoding" value="Cp1252"/>
    <property name="java.vm.name" value="Java HotSpot(TM) 64-Bit Server VM"/>
    <property name="localRepository" value="C:\Users\Harsh\.m2\repository"/>
    <property name="java.vendor.url.bug" value="http://bugreport.sun.com/bugreport/"/>
    <property name="java.io.tmpdir" value="C:\Users\Harsh\AppData\Local\Temp\"/>
    <property name="java.version" value="1.8.0_361"/>
    <property name="user.dir" value="C:\Users\Harsh\eclipse-workspace\TestNGProject"/>
    <property name="os.arch" value="amd64"/>
    <property name="java.vm.specification.name" value="Java Virtual Machine Specification"/>
    <property name="java.awt.printerjob" value="sun.awt.windows.WPrinterJob"/>
    <property name="sun.os.patch.level" value=""/>
    <property name="java.library.path" value="C:\Program Files\Java\jre1.8.0_361\bin;C:\WINDOWS\Sun\Java\bin;C:\WINDOWS\system32;C:\WINDOWS;C:\Program Files (x86)\Common Files\Oracle\Java\javapath;C:\WINDOWS\system32;C:\WINDOWS;C:\WINDOWS\System32\Wbem;C:\WINDOWS\System32\WindowsPowerShell\v1.0\;C:\WINDOWS\System32\OpenSSH\;C:\Users\Harsh\AppData\Local\Programs\Python\Python310;C:\Program Files\Microsoft SQL Server\150\Tools\Binn\;C:\Program Files (x86)\IVI Foundation\VISA\WinNT\Bin\;C:\Program Files\IVI Foundation\VISA\Win64\Bin\;C:\Program Files (x86)\IVI Foundation\VISA\WinNT\Bin;C:\Program Files (x86)\Git\cmd;C:\Users\Harsh\apache-maven-3.9.1\bin;C:\Program Files\MySQL\MySQL Server 8.0\bin;C:\Users\Harsh\AppData\Local\Programs\Python\Python310\Scripts\;C:\Users\Harsh\AppData\Local\Programs\Python\Python310\;C:\Users\Harsh\AppData\Local\Microsoft\WindowsApps;C:\Users\Harsh\AppData\Local\Programs\Python\Python310;C:\Users\Harsh\AppData\Local\GitHubDesktop\bin;C:\Users\Harsh\apache-maven-3.9.1\bin;;."/>
    <property name="java.vm.info" value="mixed mode"/>
    <property name="java.vendor" value="Oracle Corporation"/>
    <property name="java.vm.version" value="25.361-b09"/>
    <property name="java.specification.maintenance.version" value="4"/>
    <property name="java.ext.dirs" value="C:\Program Files\Java\jre1.8.0_361\lib\ext;C:\WINDOWS\Sun\Java\lib\ext"/>
    <property name="sun.io.unicode.encoding" value="UnicodeLittle"/>
    <property name="java.class.version" value="52.0"/>
  </properties>
  <testcase name="test3" classname="Testcase.carloantest" time="0.002">
    <system-out><![CDATA[[TestNGContentHandler] [WARN] It is strongly recommended to add "<!DOCTYPE suite SYSTEM "http://testng.org/testng-1.0.dtd" >" at the top of your file, otherwise TestNG may fail or not work as expected.
[TestNGContentHandler] [WARN] It is strongly recommended to add "<!DOCTYPE suite SYSTEM "http://testng.org/testng-1.0.dtd" >" at the top of your file, otherwise TestNG may fail or not work as expected.
Inside before method3
Inside before method
car loan test
]]></system-out>
  </testcase>
  <testcase name="test4" classname="Testcase.craditcardtest" time="0.001">
    <system-out><![CDATA[Inside after Smethod
Inside before method
cradit card data test4
]]></system-out>
  </testcase>
  <testcase name="test4" classname="Testcase.craditcardtest" time="0">
    <system-out><![CDATA[Inside after Smethod
Inside before method4
Inside before method3
Inside before method
cradit card data test4
]]></system-out>
  </testcase>
  <testcase name="test2" classname="Testcase.Homeloantest" time="0.002">
    <system-out><![CDATA[Inside after Smethod
Inside before method
Inside home loan test2
]]></system-out>
  </testcase>
  <testcase name="test2" classname="Testcase.Homeloantest" time="0">
    <system-out><![CDATA[Inside after Smethod
Inside before method
Inside home loan test2
]]></system-out>
  </testcase>
  <testcase name="test1" classname="Testcase.Homeloantest" time="0.001">
    <system-out><![CDATA[Inside after Smethod
Inside before method
Inside home loan test1
]]></system-out>
  </testcase>
</testsuite>