<?xml version="1.0" encoding="UTF-8"?>
<!-- Generated by org.testng.reporters.JUnitReportReporter -->
<testsuite hostname="Harsha" failures="0" tests="1" name="Testcase.dummy" time="0.001" errors="0" timestamp="15 Apr 2023 06:52:09 GMT" skipped="0">
  <testcase classname="Testcase.dummy" name="gg" time="0.001"/>
</testsuite> <!-- Testcase.dummy -->
