<?xml version="1.0" encoding="UTF-8"?>
<!-- Generated by org.testng.reporters.JUnitReportReporter -->
<testsuite hostname="Harsha" failures="0" tests="1" name="Testcase.craditcardtest" time="0.015" errors="0" timestamp="16 Apr 2023 04:26:08 GMT" skipped="0">
  <testcase classname="Testcase.craditcardtest" name="test4" time="0.015"/>
</testsuite> <!-- Testcase.craditcardtest -->
