<?xml version="1.0" encoding="UTF-8"?>
<!-- Generated by org.testng.reporters.JUnitReportReporter -->
<testsuite hostname="Harsha" failures="0" tests="1" name="Testcase.Homeloantest" time="0.005" errors="0" timestamp="16 Apr 2023 04:26:08 GMT" skipped="0">
  <testcase classname="Testcase.Homeloantest" name="test2" time="0.005"/>
</testsuite> <!-- Testcase.Homeloantest -->
