<?xml version="1.0" encoding="UTF-8"?>
<!-- Generated by org.testng.reporters.JUnitReportReporter -->
<testsuite hostname="Harsha" failures="0" tests="1" name="Testcase.carloantest" time="0.015" errors="0" timestamp="16 Apr 2023 04:04:33 GMT" skipped="0">
  <testcase classname="Testcase.carloantest" name="test3" time="0.015"/>
</testsuite> <!-- Testcase.carloantest -->
