<?xml version="1.0" encoding="UTF-8"?>
<!-- Generated by org.testng.reporters.JUnitReportReporter -->
<testsuite skipped="0" hostname="Harsha" name="Testcase.craditcardtest" tests="2" failures="0" timestamp="16 Apr 2023 04:53:24 GMT" time="0.003" errors="0">
  <testcase name="test4" time="0.002" classname="Testcase.craditcardtest"/>
  <testcase name="test4" time="0.001" classname="Testcase.craditcardtest"/>
</testsuite> <!-- Testcase.craditcardtest -->
