<?xml version="1.0" encoding="UTF-8"?>
<!-- Generated by org.testng.reporters.JUnitReportReporter -->
<testsuite skipped="0" hostname="Harsha" name="Testcase.carloantest" tests="1" failures="0" timestamp="16 Apr 2023 04:53:24 GMT" time="0.005" errors="0">
  <testcase name="test3" time="0.005" classname="Testcase.carloantest"/>
</testsuite> <!-- Testcase.carloantest -->
