<?xml version="1.0" encoding="UTF-8"?>
<!-- Generated by org.testng.reporters.JUnitReportReporter -->
<testsuite skipped="0" hostname="Harsha" name="Testcase.Homeloantest" tests="3" failures="0" timestamp="16 Apr 2023 04:53:24 GMT" time="0.005" errors="0">
  <testcase name="test2" time="0.003" classname="Testcase.Homeloantest"/>
  <testcase name="test1" time="0.002" classname="Testcase.Homeloantest"/>
  <testcase name="test2" time="0.000" classname="Testcase.Homeloantest"/>
</testsuite> <!-- Testcase.Homeloantest -->
